Performing C SOURCE FILE Test CMAKE_HAVE_LIBC_PTHREAD failed with the following output:
Change Dir: /home/kirill/Documents/4_semestr/lab-10-kv-storage/cmake-build-debug/CMakeFiles/CMakeTmp

Run Build Command(s):/usr/bin/make cmTC_d051f/fast && /usr/bin/make -f CMakeFiles/cmTC_d051f.dir/build.make CMakeFiles/cmTC_d051f.dir/build
make[1]: Entering directory '/home/kirill/Documents/4_semestr/lab-10-kv-storage/cmake-build-debug/CMakeFiles/CMakeTmp'
Building C object CMakeFiles/cmTC_d051f.dir/src.c.o
/usr/bin/cc   -DCMAKE_HAVE_LIBC_PTHREAD   -o CMakeFiles/cmTC_d051f.dir/src.c.o   -c /home/kirill/Documents/4_semestr/lab-10-kv-storage/cmake-build-debug/CMakeFiles/CMakeTmp/src.c
Linking C executable cmTC_d051f
/home/kirill/Documents/Clion/clion-2019.3.4/bin/cmake/linux/bin/cmake -E cmake_link_script CMakeFiles/cmTC_d051f.dir/link.txt --verbose=1
/usr/bin/cc  -DCMAKE_HAVE_LIBC_PTHREAD    CMakeFiles/cmTC_d051f.dir/src.c.o  -o cmTC_d051f 
CMakeFiles/cmTC_d051f.dir/src.c.o: In function `main':
src.c:(.text+0x3e): undefined reference to `pthread_create'
src.c:(.text+0x4a): undefined reference to `pthread_detach'
src.c:(.text+0x5b): undefined reference to `pthread_join'
src.c:(.text+0x6f): undefined reference to `pthread_atfork'
collect2: error: ld returned 1 exit status
CMakeFiles/cmTC_d051f.dir/build.make:86: recipe for target 'cmTC_d051f' failed
make[1]: *** [cmTC_d051f] Error 1
make[1]: Leaving directory '/home/kirill/Documents/4_semestr/lab-10-kv-storage/cmake-build-debug/CMakeFiles/CMakeTmp'
Makefile:121: recipe for target 'cmTC_d051f/fast' failed
make: *** [cmTC_d051f/fast] Error 2


Source file was:
#include <pthread.h>

void* test_func(void* data)
{
  return data;
}

int main(void)
{
  pthread_t thread;
  pthread_create(&thread, NULL, test_func, NULL);
  pthread_detach(thread);
  pthread_join(thread, NULL);
  pthread_atfork(NULL, NULL, NULL);
  pthread_exit(NULL);

  return 0;
}

Determining if the function pthread_create exists in the pthreads failed with the following output:
Change Dir: /home/kirill/Documents/4_semestr/lab-10-kv-storage/cmake-build-debug/CMakeFiles/CMakeTmp

Run Build Command(s):/usr/bin/make cmTC_4e35f/fast && /usr/bin/make -f CMakeFiles/cmTC_4e35f.dir/build.make CMakeFiles/cmTC_4e35f.dir/build
make[1]: Entering directory '/home/kirill/Documents/4_semestr/lab-10-kv-storage/cmake-build-debug/CMakeFiles/CMakeTmp'
Building C object CMakeFiles/cmTC_4e35f.dir/CheckFunctionExists.c.o
/usr/bin/cc   -DCHECK_FUNCTION_EXISTS=pthread_create   -o CMakeFiles/cmTC_4e35f.dir/CheckFunctionExists.c.o   -c /home/kirill/Documents/Clion/clion-2019.3.4/bin/cmake/linux/share/cmake-3.15/Modules/CheckFunctionExists.c
Linking C executable cmTC_4e35f
/home/kirill/Documents/Clion/clion-2019.3.4/bin/cmake/linux/bin/cmake -E cmake_link_script CMakeFiles/cmTC_4e35f.dir/link.txt --verbose=1
/usr/bin/cc  -DCHECK_FUNCTION_EXISTS=pthread_create    CMakeFiles/cmTC_4e35f.dir/CheckFunctionExists.c.o  -o cmTC_4e35f -lpthreads 
/usr/bin/ld: cannot find -lpthreads
collect2: error: ld returned 1 exit status
CMakeFiles/cmTC_4e35f.dir/build.make:86: recipe for target 'cmTC_4e35f' failed
make[1]: *** [cmTC_4e35f] Error 1
make[1]: Leaving directory '/home/kirill/Documents/4_semestr/lab-10-kv-storage/cmake-build-debug/CMakeFiles/CMakeTmp'
Makefile:121: recipe for target 'cmTC_4e35f/fast' failed
make: *** [cmTC_4e35f/fast] Error 2



